This is pdfTeX, Version 3.141592653-2.6-1.40.25 (TeX Live 2023) (preloaded format=pdflatex 2023.11.20)  10 SEP 2024 21:04
entering extended mode
 restricted \write18 enabled.
 file:line:error style messages enabled.
 %&-line parsing enabled.
**"/Users/amer_/Documents/Obsidian Vault/School/Quantum 1/1.4 Matrix Representations and Hamiltonians.tex"
(/Users/amer_/Documents/Obsidian Vault/School/Quantum 1/1.4 Matrix Representations and Hamiltonians.tex
LaTeX2e <2023-11-01>
L3 programming layer <2023-11-09>
(/usr/local/texlive/2023/texmf-dist/tex/latex/base/article.cls
Document Class: article 2023/05/17 v1.4n Standard LaTeX document class
(/usr/local/texlive/2023/texmf-dist/tex/latex/base/size10.clo
File: size10.clo 2023/05/17 v1.4n Standard LaTeX file (size option)
)
\c@part=\count186
\c@section=\count187
\c@subsection=\count188
\c@subsubsection=\count189
\c@paragraph=\count190
\c@subparagraph=\count191
\c@figure=\count192
\c@table=\count193
\abovecaptionskip=\skip48
\belowcaptionskip=\skip49
\bibindent=\dimen140
) (/usr/local/texlive/2023/texmf-dist/tex/latex/geometry/geometry.sty
Package: geometry 2020/01/02 v5.9 Page Geometry
 (/usr/local/texlive/2023/texmf-dist/tex/latex/graphics/keyval.sty
Package: keyval 2022/05/29 v1.15 key=value parser (DPC)
\KV@toks@=\toks17
) (/usr/local/texlive/2023/texmf-dist/tex/generic/iftex/ifvtex.sty
Package: ifvtex 2019/10/25 v1.7 ifvtex legacy package. Use iftex instead.
 (/usr/local/texlive/2023/texmf-dist/tex/generic/iftex/iftex.sty
Package: iftex 2022/02/03 v1.0f TeX engine tests
))
\Gm@cnth=\count194
\Gm@cntv=\count195
\c@Gm@tempcnt=\count196
\Gm@bindingoffset=\dimen141
\Gm@wd@mp=\dimen142
\Gm@odd@mp=\dimen143
\Gm@even@mp=\dimen144
\Gm@layoutwidth=\dimen145
\Gm@layoutheight=\dimen146
\Gm@layouthoffset=\dimen147
\Gm@layoutvoffset=\dimen148
\Gm@dimlist=\toks18
) (/usr/local/texlive/2023/texmf-dist/tex/latex/amsmath/amsmath.sty
Package: amsmath 2023/05/13 v2.17o AMS math features
\@mathmargin=\skip50

For additional information on amsmath, use the `?' option.
(/usr/local/texlive/2023/texmf-dist/tex/latex/amsmath/amstext.sty
Package: amstext 2021/08/26 v2.01 AMS text
 (/usr/local/texlive/2023/texmf-dist/tex/latex/amsmath/amsgen.sty
File: amsgen.sty 1999/11/30 v2.0 generic functions
\@emptytoks=\toks19
\ex@=\dimen149
)) (/usr/local/texlive/2023/texmf-dist/tex/latex/amsmath/amsbsy.sty
Package: amsbsy 1999/11/29 v1.2d Bold Symbols
\pmbraise@=\dimen150
) (/usr/local/texlive/2023/texmf-dist/tex/latex/amsmath/amsopn.sty
Package: amsopn 2022/04/08 v2.04 operator names
)
\inf@bad=\count197
LaTeX Info: Redefining \frac on input line 234.
\uproot@=\count198
\leftroot@=\count199
LaTeX Info: Redefining \overline on input line 399.
LaTeX Info: Redefining \colon on input line 410.
\classnum@=\count266
\DOTSCASE@=\count267
LaTeX Info: Redefining \ldots on input line 496.
LaTeX Info: Redefining \dots on input line 499.
LaTeX Info: Redefining \cdots on input line 620.
\Mathstrutbox@=\box51
\strutbox@=\box52
LaTeX Info: Redefining \big on input line 722.
LaTeX Info: Redefining \Big on input line 723.
LaTeX Info: Redefining \bigg on input line 724.
LaTeX Info: Redefining \Bigg on input line 725.
\big@size=\dimen151
LaTeX Font Info:    Redeclaring font encoding OML on input line 743.
LaTeX Font Info:    Redeclaring font encoding OMS on input line 744.
\macc@depth=\count268
LaTeX Info: Redefining \bmod on input line 905.
LaTeX Info: Redefining \pmod on input line 910.
LaTeX Info: Redefining \smash on input line 940.
LaTeX Info: Redefining \relbar on input line 970.
LaTeX Info: Redefining \Relbar on input line 971.
\c@MaxMatrixCols=\count269
\dotsspace@=\muskip16
\c@parentequation=\count270
\dspbrk@lvl=\count271
\tag@help=\toks20
\row@=\count272
\column@=\count273
\maxfields@=\count274
\andhelp@=\toks21
\eqnshift@=\dimen152
\alignsep@=\dimen153
\tagshift@=\dimen154
\tagwidth@=\dimen155
\totwidth@=\dimen156
\lineht@=\dimen157
\@envbody=\toks22
\multlinegap=\skip51
\multlinetaggap=\skip52
\mathdisplay@stack=\toks23
LaTeX Info: Redefining \[ on input line 2953.
LaTeX Info: Redefining \] on input line 2954.
) (/usr/local/texlive/2023/texmf-dist/tex/latex/amsfonts/amssymb.sty
Package: amssymb 2013/01/14 v3.01 AMS font symbols
 (/usr/local/texlive/2023/texmf-dist/tex/latex/amsfonts/amsfonts.sty
Package: amsfonts 2013/01/14 v3.01 Basic AMSFonts support
\symAMSa=\mathgroup4
\symAMSb=\mathgroup5
LaTeX Font Info:    Redeclaring math symbol \hbar on input line 98.
LaTeX Font Info:    Overwriting math alphabet `\mathfrak' in version `bold'
(Font)                  U/euf/m/n --> U/euf/b/n on input line 106.
)) (/usr/local/texlive/2023/texmf-dist/tex/latex/lm/lmodern.sty
Package: lmodern 2015/05/01 v1.6.1 Latin Modern Fonts
LaTeX Font Info:    Overwriting symbol font `operators' in version `normal'
(Font)                  OT1/cmr/m/n --> OT1/lmr/m/n on input line 22.
LaTeX Font Info:    Overwriting symbol font `letters' in version `normal'
(Font)                  OML/cmm/m/it --> OML/lmm/m/it on input line 23.
LaTeX Font Info:    Overwriting symbol font `symbols' in version `normal'
(Font)                  OMS/cmsy/m/n --> OMS/lmsy/m/n on input line 24.
LaTeX Font Info:    Overwriting symbol font `largesymbols' in version `normal'
(Font)                  OMX/cmex/m/n --> OMX/lmex/m/n on input line 25.
LaTeX Font Info:    Overwriting symbol font `operators' in version `bold'
(Font)                  OT1/cmr/bx/n --> OT1/lmr/bx/n on input line 26.
LaTeX Font Info:    Overwriting symbol font `letters' in version `bold'
(Font)                  OML/cmm/b/it --> OML/lmm/b/it on input line 27.
LaTeX Font Info:    Overwriting symbol font `symbols' in version `bold'
(Font)                  OMS/cmsy/b/n --> OMS/lmsy/b/n on input line 28.
LaTeX Font Info:    Overwriting symbol font `largesymbols' in version `bold'
(Font)                  OMX/cmex/m/n --> OMX/lmex/m/n on input line 29.
LaTeX Font Info:    Overwriting math alphabet `\mathbf' in version `normal'
(Font)                  OT1/cmr/bx/n --> OT1/lmr/bx/n on input line 31.
LaTeX Font Info:    Overwriting math alphabet `\mathsf' in version `normal'
(Font)                  OT1/cmss/m/n --> OT1/lmss/m/n on input line 32.
LaTeX Font Info:    Overwriting math alphabet `\mathit' in version `normal'
(Font)                  OT1/cmr/m/it --> OT1/lmr/m/it on input line 33.
LaTeX Font Info:    Overwriting math alphabet `\mathtt' in version `normal'
(Font)                  OT1/cmtt/m/n --> OT1/lmtt/m/n on input line 34.
LaTeX Font Info:    Overwriting math alphabet `\mathbf' in version `bold'
(Font)                  OT1/cmr/bx/n --> OT1/lmr/bx/n on input line 35.
LaTeX Font Info:    Overwriting math alphabet `\mathsf' in version `bold'
(Font)                  OT1/cmss/bx/n --> OT1/lmss/bx/n on input line 36.
LaTeX Font Info:    Overwriting math alphabet `\mathit' in version `bold'
(Font)                  OT1/cmr/bx/it --> OT1/lmr/bx/it on input line 37.
LaTeX Font Info:    Overwriting math alphabet `\mathtt' in version `bold'
(Font)                  OT1/cmtt/m/n --> OT1/lmtt/m/n on input line 38.
) (/usr/local/texlive/2023/texmf-dist/tex/latex/base/fontenc.sty
Package: fontenc 2021/04/29 v2.0v Standard LaTeX package
LaTeX Font Info:    Trying to load font information for T1+lmr on input line 112.
 (/usr/local/texlive/2023/texmf-dist/tex/latex/lm/t1lmr.fd
File: t1lmr.fd 2015/05/01 v1.6.1 Font defs for Latin Modern
)) (/usr/local/texlive/2023/texmf-dist/tex/latex/base/inputenc.sty
Package: inputenc 2021/02/14 v1.3d Input encoding file
\inpenc@prehook=\toks24
\inpenc@posthook=\toks25
) (/usr/local/texlive/2023/texmf-dist/tex/latex/base/textcomp.sty
Package: textcomp 2020/02/02 v2.0n Standard LaTeX package
) (/usr/local/texlive/2023/texmf-dist/tex/latex/fancyhdr/fancyhdr.sty
Package: fancyhdr 2022/11/09 v4.1 Extensive control of page headers and footers
\f@nch@headwidth=\skip53
\f@nch@O@elh=\skip54
\f@nch@O@erh=\skip55
\f@nch@O@olh=\skip56
\f@nch@O@orh=\skip57
\f@nch@O@elf=\skip58
\f@nch@O@erf=\skip59
\f@nch@O@olf=\skip60
\f@nch@O@orf=\skip61
) (/usr/local/texlive/2023/texmf-dist/tex/latex/upquote/upquote.sty
Package: upquote 2012/04/19 v1.3 upright-quote and grave-accent glyphs in verbatim
) (/usr/local/texlive/2023/texmf-dist/tex/latex/microtype/microtype.sty
Package: microtype 2023/03/13 v3.1a Micro-typographical refinements (RS)
 (/usr/local/texlive/2023/texmf-dist/tex/latex/etoolbox/etoolbox.sty
Package: etoolbox 2020/10/05 v2.5k e-TeX tools for LaTeX (JAW)
\etb@tempcnta=\count275
)
\MT@toks=\toks26
\MT@tempbox=\box53
\MT@count=\count276
LaTeX Info: Redefining \noprotrusionifhmode on input line 1059.
LaTeX Info: Redefining \leftprotrusion on input line 1060.
\MT@prot@toks=\toks27
LaTeX Info: Redefining \rightprotrusion on input line 1078.
LaTeX Info: Redefining \textls on input line 1368.
\MT@outer@kern=\dimen158
LaTeX Info: Redefining \textmicrotypecontext on input line 1988.
\MT@listname@count=\count277
 (/usr/local/texlive/2023/texmf-dist/tex/latex/microtype/microtype-pdftex.def
File: microtype-pdftex.def 2023/03/13 v3.1a Definitions specific to pdftex (RS)
LaTeX Info: Redefining \lsstyle on input line 902.
LaTeX Info: Redefining \lslig on input line 902.
\MT@outer@space=\skip62
)
Package microtype Info: Loading configuration file microtype.cfg.
 (/usr/local/texlive/2023/texmf-dist/tex/latex/microtype/microtype.cfg
File: microtype.cfg 2023/03/13 v3.1a microtype main configuration file (RS)
)) (/usr/local/texlive/2023/texmf-dist/tex/latex/parskip/parskip.sty
Package: parskip 2021-03-14 v2.0h non-zero parskip adjustments
 (/usr/local/texlive/2023/texmf-dist/tex/latex/kvoptions/kvoptions.sty
Package: kvoptions 2022-06-15 v3.15 Key value format for package options (HO)
 (/usr/local/texlive/2023/texmf-dist/tex/generic/ltxcmds/ltxcmds.sty
Package: ltxcmds 2020-05-10 v1.25 LaTeX kernel commands for general use (HO)
) (/usr/local/texlive/2023/texmf-dist/tex/latex/kvsetkeys/kvsetkeys.sty
Package: kvsetkeys 2022-10-05 v1.19 Key value parser (HO)
))) (/usr/local/texlive/2023/texmf-dist/tex/latex/xcolor/xcolor.sty
Package: xcolor 2023/11/15 v3.01 LaTeX color extensions (UK)
 (/usr/local/texlive/2023/texmf-dist/tex/latex/graphics-cfg/color.cfg
File: color.cfg 2016/01/02 v1.6 sample color configuration
)
Package xcolor Info: Driver file: pdftex.def on input line 274.
 (/usr/local/texlive/2023/texmf-dist/tex/latex/graphics-def/pdftex.def
File: pdftex.def 2022/09/22 v1.2b Graphics/color driver for pdftex
) (/usr/local/texlive/2023/texmf-dist/tex/latex/graphics/mathcolor.ltx)
Package xcolor Info: Model `cmy' substituted by `cmy0' on input line 1350.
Package xcolor Info: Model `hsb' substituted by `rgb' on input line 1354.
Package xcolor Info: Model `RGB' extended on input line 1366.
Package xcolor Info: Model `HTML' substituted by `rgb' on input line 1368.
Package xcolor Info: Model `Hsb' substituted by `hsb' on input line 1369.
Package xcolor Info: Model `tHsb' substituted by `hsb' on input line 1370.
Package xcolor Info: Model `HSB' substituted by `hsb' on input line 1371.
Package xcolor Info: Model `Gray' substituted by `gray' on input line 1372.
Package xcolor Info: Model `wave' substituted by `hsb' on input line 1373.
) (/usr/local/texlive/2023/texmf-dist/tex/latex/tools/longtable.sty
Package: longtable 2023-11-01 v4.19 Multi-page Table package (DPC)
\LTleft=\skip63
\LTright=\skip64
\LTpre=\skip65
\LTpost=\skip66
\LTchunksize=\count278
\LTcapwidth=\dimen159
\LT@head=\box54
\LT@firsthead=\box55
\LT@foot=\box56
\LT@lastfoot=\box57
\LT@gbox=\box58
\LT@cols=\count279
\LT@rows=\count280
\c@LT@tables=\count281
\c@LT@chunks=\count282
\LT@p@ftn=\toks28
) (/usr/local/texlive/2023/texmf-dist/tex/latex/booktabs/booktabs.sty
Package: booktabs 2020/01/12 v1.61803398 Publication quality tables
\heavyrulewidth=\dimen160
\lightrulewidth=\dimen161
\cmidrulewidth=\dimen162
\belowrulesep=\dimen163
\belowbottomsep=\dimen164
\aboverulesep=\dimen165
\abovetopsep=\dimen166
\cmidrulesep=\dimen167
\cmidrulekern=\dimen168
\defaultaddspace=\dimen169
\@cmidla=\count283
\@cmidlb=\count284
\@aboverulesep=\dimen170
\@belowrulesep=\dimen171
\@thisruleclass=\count285
\@lastruleclass=\count286
\@thisrulewidth=\dimen172
) (/usr/local/texlive/2023/texmf-dist/tex/latex/tools/array.sty
Package: array 2023/10/16 v2.5g Tabular extension package (FMi)
\col@sep=\dimen173
\ar@mcellbox=\box59
\extrarowheight=\dimen174
\NC@list=\toks29
\extratabsurround=\skip67
\backup@length=\skip68
\ar@cellbox=\box60
) (/usr/local/texlive/2023/texmf-dist/tex/latex/tools/calc.sty
Package: calc 2023/07/08 v4.3 Infix arithmetic (KKT,FJ)
\calc@Acount=\count287
\calc@Bcount=\count288
\calc@Adimen=\dimen175
\calc@Bdimen=\dimen176
\calc@Askip=\skip69
\calc@Bskip=\skip70
LaTeX Info: Redefining \setlength on input line 80.
LaTeX Info: Redefining \addtolength on input line 81.
\calc@Ccount=\count289
\calc@Cskip=\skip71
) (/usr/local/texlive/2023/texmf-dist/tex/latex/footnotehyper/footnotehyper.sty
Package: footnotehyper 2021/08/13 v1.1e hyperref aware footnote.sty (JFB)
\FNH@notes=\box61
\FNH@width=\dimen177
\FNH@toks=\toks30
) (/usr/local/texlive/2023/texmf-dist/tex/latex/bookmark/bookmark.sty
Package: bookmark 2020-11-06 v1.29 PDF bookmarks (HO)
 (/usr/local/texlive/2023/texmf-dist/tex/latex/hyperref/hyperref.sty
Package: hyperref 2023-11-09 v7.01f Hypertext links for LaTeX
 (/usr/local/texlive/2023/texmf-dist/tex/generic/pdftexcmds/pdftexcmds.sty
Package: pdftexcmds 2020-06-27 v0.33 Utility functions of pdfTeX for LuaTeX (HO)
 (/usr/local/texlive/2023/texmf-dist/tex/generic/infwarerr/infwarerr.sty
Package: infwarerr 2019/12/03 v1.5 Providing info/warning/error messages (HO)
)
Package pdftexcmds Info: \pdf@primitive is available.
Package pdftexcmds Info: \pdf@ifprimitive is available.
Package pdftexcmds Info: \pdfdraftmode found.
) (/usr/local/texlive/2023/texmf-dist/tex/generic/kvdefinekeys/kvdefinekeys.sty
Package: kvdefinekeys 2019-12-19 v1.6 Define keys (HO)
) (/usr/local/texlive/2023/texmf-dist/tex/generic/pdfescape/pdfescape.sty
Package: pdfescape 2019/12/09 v1.15 Implements pdfTeX's escape features (HO)
) (/usr/local/texlive/2023/texmf-dist/tex/latex/hycolor/hycolor.sty
Package: hycolor 2020-01-27 v1.10 Color options for hyperref/bookmark (HO)
) (/usr/local/texlive/2023/texmf-dist/tex/latex/letltxmacro/letltxmacro.sty
Package: letltxmacro 2019/12/03 v1.6 Let assignment for LaTeX macros (HO)
) (/usr/local/texlive/2023/texmf-dist/tex/latex/auxhook/auxhook.sty
Package: auxhook 2019-12-17 v1.6 Hooks for auxiliary files (HO)
) (/usr/local/texlive/2023/texmf-dist/tex/latex/hyperref/nameref.sty
Package: nameref 2023-11-09 v2.55 Cross-referencing by name of section
 (/usr/local/texlive/2023/texmf-dist/tex/latex/refcount/refcount.sty
Package: refcount 2019/12/15 v3.6 Data extraction from label references (HO)
) (/usr/local/texlive/2023/texmf-dist/tex/generic/gettitlestring/gettitlestring.sty
Package: gettitlestring 2019/12/15 v1.6 Cleanup title references (HO)
)
\c@section@level=\count290
)
\@linkdim=\dimen178
\Hy@linkcounter=\count291
\Hy@pagecounter=\count292
 (/usr/local/texlive/2023/texmf-dist/tex/latex/hyperref/pd1enc.def
File: pd1enc.def 2023-11-09 v7.01f Hyperref: PDFDocEncoding definition (HO)
Now handling font encoding PD1 ...
... no UTF-8 mapping file for font encoding PD1
) (/usr/local/texlive/2023/texmf-dist/tex/generic/intcalc/intcalc.sty
Package: intcalc 2019/12/15 v1.3 Expandable calculations with integers (HO)
)
\Hy@SavedSpaceFactor=\count293
 (/usr/local/texlive/2023/texmf-dist/tex/latex/hyperref/puenc.def
File: puenc.def 2023-11-09 v7.01f Hyperref: PDF Unicode definition (HO)
Now handling font encoding PU ...
... no UTF-8 mapping file for font encoding PU
)
Package hyperref Info: Option `unicode' set `true' on input line 4054.
Package hyperref Info: Hyper figures OFF on input line 4171.
Package hyperref Info: Link nesting OFF on input line 4176.
Package hyperref Info: Hyper index ON on input line 4179.
Package hyperref Info: Plain pages OFF on input line 4186.
Package hyperref Info: Backreferencing OFF on input line 4191.
Package hyperref Info: Implicit mode ON; LaTeX internals redefined.
Package hyperref Info: Bookmarks ON on input line 4438.
\c@Hy@tempcnt=\count294
 (/usr/local/texlive/2023/texmf-dist/tex/latex/url/url.sty
\Urlmuskip=\muskip17
Package: url 2013/09/16  ver 3.4  Verb mode for urls, etc.
)
LaTeX Info: Redefining \url on input line 4776.
\XeTeXLinkMargin=\dimen179
 (/usr/local/texlive/2023/texmf-dist/tex/generic/bitset/bitset.sty
Package: bitset 2019/12/09 v1.3 Handle bit-vector datatype (HO)
 (/usr/local/texlive/2023/texmf-dist/tex/generic/bigintcalc/bigintcalc.sty
Package: bigintcalc 2019/12/15 v1.5 Expandable calculations on big integers (HO)
))
\Fld@menulength=\count295
\Field@Width=\dimen180
\Fld@charsize=\dimen181
Package hyperref Info: Hyper figures OFF on input line 6055.
Package hyperref Info: Link nesting OFF on input line 6060.
Package hyperref Info: Hyper index ON on input line 6063.
Package hyperref Info: backreferencing OFF on input line 6070.
Package hyperref Info: Link coloring OFF on input line 6075.
Package hyperref Info: Link coloring with OCG OFF on input line 6080.
Package hyperref Info: PDF/A mode OFF on input line 6085.
 (/usr/local/texlive/2023/texmf-dist/tex/latex/base/atbegshi-ltx.sty
Package: atbegshi-ltx 2021/01/10 v1.0c Emulation of the original atbegshi
package with kernel methods
)
\Hy@abspage=\count296
\c@Item=\count297
\c@Hfootnote=\count298
)
Package hyperref Info: Driver (autodetected): hpdftex.
 (/usr/local/texlive/2023/texmf-dist/tex/latex/hyperref/hpdftex.def
File: hpdftex.def 2023-11-09 v7.01f Hyperref driver for pdfTeX
 (/usr/local/texlive/2023/texmf-dist/tex/latex/base/atveryend-ltx.sty
Package: atveryend-ltx 2020/08/19 v1.0a Emulation of the original atveryend package
with kernel methods
)
\Fld@listcount=\count299
\c@bookmark@seq@number=\count300
 (/usr/local/texlive/2023/texmf-dist/tex/latex/rerunfilecheck/rerunfilecheck.sty
Package: rerunfilecheck 2022-07-10 v1.10 Rerun checks for auxiliary files (HO)
 (/usr/local/texlive/2023/texmf-dist/tex/generic/uniquecounter/uniquecounter.sty
Package: uniquecounter 2019/12/15 v1.4 Provide unlimited unique counter (HO)
)
Package uniquecounter Info: New unique counter `rerunfilecheck' on input line 285.
)
\Hy@SectionHShift=\skip72
) (/usr/local/texlive/2023/texmf-dist/tex/latex/bookmark/bkm-pdftex.def
File: bkm-pdftex.def 2020-11-06 v1.29 bookmark driver for pdfTeX (HO)
\BKM@id=\count301
)) (/usr/local/texlive/2023/texmf-dist/tex/latex/xurl/xurl.sty
Package: xurl 2022/01/09 v 0.10 modify URL breaks
) (/usr/local/texlive/2023/texmf-dist/tex/latex/l3backend/l3backend-pdftex.def
File: l3backend-pdftex.def 2023-01-16 L3 backend support: PDF output (pdfTeX)
\l__color_backend_stack_int=\count302
\l__pdf_internal_box=\box62
)
No file "1.4 Matrix Representations and Hamiltonians".aux.
\openout1 = `"1.4 Matrix Representations and Hamiltonians.aux"'.

LaTeX Font Info:    Checking defaults for OML/cmm/m/it on input line 85.
LaTeX Font Info:    ... okay on input line 85.
LaTeX Font Info:    Checking defaults for OMS/cmsy/m/n on input line 85.
LaTeX Font Info:    ... okay on input line 85.
LaTeX Font Info:    Checking defaults for OT1/cmr/m/n on input line 85.
LaTeX Font Info:    ... okay on input line 85.
LaTeX Font Info:    Checking defaults for T1/cmr/m/n on input line 85.
LaTeX Font Info:    ... okay on input line 85.
LaTeX Font Info:    Checking defaults for TS1/cmr/m/n on input line 85.
LaTeX Font Info:    ... okay on input line 85.
LaTeX Font Info:    Checking defaults for OMX/cmex/m/n on input line 85.
LaTeX Font Info:    ... okay on input line 85.
LaTeX Font Info:    Checking defaults for U/cmr/m/n on input line 85.
LaTeX Font Info:    ... okay on input line 85.
LaTeX Font Info:    Checking defaults for PD1/pdf/m/n on input line 85.
LaTeX Font Info:    ... okay on input line 85.
LaTeX Font Info:    Checking defaults for PU/pdf/m/n on input line 85.
LaTeX Font Info:    ... okay on input line 85.
*geometry* driver: auto-detecting
*geometry* detected driver: pdftex
*geometry* verbose mode - [ preamble ] result:
* driver: pdftex
* paper: <default>
* layout: <same size as paper>
* layoutoffset:(h,v)=(0.0pt,0.0pt)
* modes: 
* h-part:(L,W,R)=(72.26999pt, 469.75502pt, 72.26999pt)
* v-part:(T,H,B)=(72.26999pt, 650.43001pt, 72.26999pt)
* \paperwidth=614.295pt
* \paperheight=794.96999pt
* \textwidth=469.75502pt
* \textheight=650.43001pt
* \oddsidemargin=0.0pt
* \evensidemargin=0.0pt
* \topmargin=-37.0pt
* \headheight=15.0pt
* \headsep=25.0pt
* \topskip=10.0pt
* \footskip=30.0pt
* \marginparwidth=65.0pt
* \marginparsep=11.0pt
* \columnsep=10.0pt
* \skip\footins=9.0pt plus 4.0pt minus 2.0pt
* \hoffset=0.0pt
* \voffset=0.0pt
* \mag=1000
* \@twocolumnfalse
* \@twosidefalse
* \@mparswitchfalse
* \@reversemarginfalse
* (1in=72.27pt=25.4mm, 1cm=28.453pt)

LaTeX Info: Redefining \microtypecontext on input line 85.
Package microtype Info: Applying patch `item' on input line 85.
Package microtype Info: Applying patch `toc' on input line 85.
Package microtype Info: Applying patch `eqnum' on input line 85.
Package microtype Info: Applying patch `footnote' on input line 85.
Package microtype Info: Applying patch `verbatim' on input line 85.
Package microtype Info: Generating PDF output.
Package microtype Info: Character protrusion enabled (level 2).
Package microtype Info: Using protrusion set `basicmath'.
Package microtype Info: Automatic font expansion enabled (level 2),
(microtype)             stretch: 20, shrink: 20, step: 1, non-selected.
Package microtype Info: Using default expansion set `alltext-nott'.
LaTeX Info: Redefining \showhyphens on input line 85.
Package microtype Info: No adjustment of tracking.
Package microtype Info: No adjustment of interword spacing.
Package microtype Info: No adjustment of character kerning.
(/usr/local/texlive/2023/texmf-dist/tex/latex/microtype/mt-cmr.cfg
File: mt-cmr.cfg 2013/05/19 v2.2 microtype config. file: Computer Modern Roman (RS)
) (/usr/local/texlive/2023/texmf-dist/tex/context/base/mkii/supp-pdf.mkii
[Loading MPS to PDF converter (version 2006.09.02).]
\scratchcounter=\count303
\scratchdimen=\dimen182
\scratchbox=\box63
\nofMPsegments=\count304
\nofMParguments=\count305
\everyMPshowfont=\toks31
\MPscratchCnt=\count306
\MPscratchDim=\dimen183
\MPnumerator=\count307
\makeMPintoPDFobject=\count308
\everyMPtoPDFconversion=\toks32
)
Package hyperref Info: Link coloring OFF on input line 85.
LaTeX Font Info:    Trying to load font information for OT1+lmr on input line 101.
 (/usr/local/texlive/2023/texmf-dist/tex/latex/lm/ot1lmr.fd
File: ot1lmr.fd 2015/05/01 v1.6.1 Font defs for Latin Modern
)
LaTeX Font Info:    Trying to load font information for OML+lmm on input line 101.
 (/usr/local/texlive/2023/texmf-dist/tex/latex/lm/omllmm.fd
File: omllmm.fd 2015/05/01 v1.6.1 Font defs for Latin Modern
)
LaTeX Font Info:    Trying to load font information for OMS+lmsy on input line 101.
 (/usr/local/texlive/2023/texmf-dist/tex/latex/lm/omslmsy.fd
File: omslmsy.fd 2015/05/01 v1.6.1 Font defs for Latin Modern
)
LaTeX Font Info:    Trying to load font information for OMX+lmex on input line 101.
 (/usr/local/texlive/2023/texmf-dist/tex/latex/lm/omxlmex.fd
File: omxlmex.fd 2015/05/01 v1.6.1 Font defs for Latin Modern
)
LaTeX Font Info:    External font `lmex10' loaded for size
(Font)              <10> on input line 101.
LaTeX Font Info:    External font `lmex10' loaded for size
(Font)              <7> on input line 101.
LaTeX Font Info:    External font `lmex10' loaded for size
(Font)              <5> on input line 101.
LaTeX Font Info:    Trying to load font information for U+msa on input line 101.
 (/usr/local/texlive/2023/texmf-dist/tex/latex/amsfonts/umsa.fd
File: umsa.fd 2013/01/14 v3.01 AMS symbols A
) (/usr/local/texlive/2023/texmf-dist/tex/latex/microtype/mt-msa.cfg
File: mt-msa.cfg 2006/02/04 v1.1 microtype config. file: AMS symbols (a) (RS)
)
LaTeX Font Info:    Trying to load font information for U+msb on input line 101.
 (/usr/local/texlive/2023/texmf-dist/tex/latex/amsfonts/umsb.fd
File: umsb.fd 2013/01/14 v3.01 AMS symbols B
) (/usr/local/texlive/2023/texmf-dist/tex/latex/microtype/mt-msb.cfg
File: mt-msb.cfg 2005/06/01 v1.0 microtype config. file: AMS symbols (b) (RS)
)
Overfull \hbox (106.83577pt too wide) in paragraph at lines 109--111
\T1/lmr/m/n/10 (-20) Files/images/AgACAgEAAxkBAAIBXmbgWW9akiT7LmSBrksV7TujB2n1AAIirTEbFpgIR2A8a7j5dICkAQADAgADeQADNgQ.jpg]]  
 []

/Users/amer_/Documents/Obsidian Vault/School/Quantum 1/1.4 Matrix Representations and Hamiltonians.tex:123: Undefined control sequence.
<argument>  A\ket 
                  {a} =a\ket {a} & \left <a|a'\right > \delta _{aa'} 
l.123 \end{align}
                  \[
The control sequence at the end of the top line
of your error message was never \def'ed. If you have
misspelled it (e.g., `\hobx'), type `I' and the correct
spelling (e.g., `I\hbox'). Otherwise just continue,
and I'll forget about whatever was undefined.

/Users/amer_/Documents/Obsidian Vault/School/Quantum 1/1.4 Matrix Representations and Hamiltonians.tex:123: Undefined control sequence.
<argument>  A\ket {a} =a\ket 
                             {a} & \left <a|a'\right > \delta _{aa'} 
l.123 \end{align}
                  \[
The control sequence at the end of the top line
of your error message was never \def'ed. If you have
misspelled it (e.g., `\hobx'), type `I' and the correct
spelling (e.g., `I\hbox'). Otherwise just continue,
and I'll forget about whatever was undefined.

/Users/amer_/Documents/Obsidian Vault/School/Quantum 1/1.4 Matrix Representations and Hamiltonians.tex:123: Undefined control sequence.
<argument>  A\ket 
                  {a} =a\ket {a} & \left <a|a'\right > \delta _{aa'} 
l.123 \end{align}
                  \[
The control sequence at the end of the top line
of your error message was never \def'ed. If you have
misspelled it (e.g., `\hobx'), type `I' and the correct
spelling (e.g., `I\hbox'). Otherwise just continue,
and I'll forget about whatever was undefined.

/Users/amer_/Documents/Obsidian Vault/School/Quantum 1/1.4 Matrix Representations and Hamiltonians.tex:123: Undefined control sequence.
<argument>  A\ket {a} =a\ket 
                             {a} & \left <a|a'\right > \delta _{aa'} 
l.123 \end{align}
                  \[
The control sequence at the end of the top line
of your error message was never \def'ed. If you have
misspelled it (e.g., `\hobx'), type `I' and the correct
spelling (e.g., `I\hbox'). Otherwise just continue,
and I'll forget about whatever was undefined.

/Users/amer_/Documents/Obsidian Vault/School/Quantum 1/1.4 Matrix Representations and Hamiltonians.tex:127: Missing $ inserted.
<inserted text> 
                $
l.127 \] \sum
             \_\{a\}\ket{a} \bra{a} =I \[
I've inserted a begin-math/end-math symbol since I think
you left one out. Proceed, with fingers crossed.

/Users/amer_/Documents/Obsidian Vault/School/Quantum 1/1.4 Matrix Representations and Hamiltonians.tex:127: Undefined control sequence.
l.127 \] \sum\_\{a\}\ket
                        {a} \bra{a} =I \[
The control sequence at the end of the top line
of your error message was never \def'ed. If you have
misspelled it (e.g., `\hobx'), type `I' and the correct
spelling (e.g., `I\hbox'). Otherwise just continue,
and I'll forget about whatever was undefined.

/Users/amer_/Documents/Obsidian Vault/School/Quantum 1/1.4 Matrix Representations and Hamiltonians.tex:127: Undefined control sequence.
l.127 \] \sum\_\{a\}\ket{a} \bra
                                {a} =I \[
The control sequence at the end of the top line
of your error message was never \def'ed. If you have
misspelled it (e.g., `\hobx'), type `I' and the correct
spelling (e.g., `I\hbox'). Otherwise just continue,
and I'll forget about whatever was undefined.


/Users/amer_/Documents/Obsidian Vault/School/Quantum 1/1.4 Matrix Representations and Hamiltonians.tex:127: LaTeX Error: Bad math environment delimiter.

See the LaTeX manual or LaTeX Companion for explanation.
Type  H <return>  for immediate help.
 ...                                              
                                                  
l.127 \] \sum\_\{a\}\ket{a} \bra{a} =I \[
                                         
Your command was ignored.
Type  I <command> <return>  to replace it with another command,
or  <return>  to continue without it.

/Users/amer_/Documents/Obsidian Vault/School/Quantum 1/1.4 Matrix Representations and Hamiltonians.tex:129: Missing \endgroup inserted.
<inserted text> 
                \endgroup 
l.129 \]
         O = \ket{a'} \bra{a'} O\ket{a} \bra{a} \[
I've inserted something that you may have forgotten.
(See the <inserted text> above.)
With luck, this will get me unwedged. But if you
really didn't forget anything, try typing `2' now; then
my insertion and my current dilemma will both disappear.


/Users/amer_/Documents/Obsidian Vault/School/Quantum 1/1.4 Matrix Representations and Hamiltonians.tex:129: LaTeX Error: \begin{document} ended by \end{equation*}.

See the LaTeX manual or LaTeX Companion for explanation.
Type  H <return>  for immediate help.
 ...                                              
                                                  
l.129 \]
         O = \ket{a'} \bra{a'} O\ket{a} \bra{a} \[
Your command was ignored.
Type  I <command> <return>  to replace it with another command,
or  <return>  to continue without it.

/Users/amer_/Documents/Obsidian Vault/School/Quantum 1/1.4 Matrix Representations and Hamiltonians.tex:129: Missing $ inserted.
<inserted text> 
                $
l.129 \]
         O = \ket{a'} \bra{a'} O\ket{a} \bra{a} \[
I've inserted something that you may have forgotten.
(See the <inserted text> above.)
With luck, this will get me unwedged. But if you
really didn't forget anything, try typing `2' now; then
my insertion and my current dilemma will both disappear.

/Users/amer_/Documents/Obsidian Vault/School/Quantum 1/1.4 Matrix Representations and Hamiltonians.tex:129: Extra \endgroup.
<recently read> \endgroup 
                          
l.129 \]
         O = \ket{a'} \bra{a'} O\ket{a} \bra{a} \[
Things are pretty mixed up, but I think the worst is over.

/Users/amer_/Documents/Obsidian Vault/School/Quantum 1/1.4 Matrix Representations and Hamiltonians.tex:129: Undefined control sequence.
l.129 \] O = \ket
                 {a'} \bra{a'} O\ket{a} \bra{a} \[
The control sequence at the end of the top line
of your error message was never \def'ed. If you have
misspelled it (e.g., `\hobx'), type `I' and the correct
spelling (e.g., `I\hbox'). Otherwise just continue,
and I'll forget about whatever was undefined.

/Users/amer_/Documents/Obsidian Vault/School/Quantum 1/1.4 Matrix Representations and Hamiltonians.tex:129: Undefined control sequence.
l.129 \] O = \ket{a'} \bra
                          {a'} O\ket{a} \bra{a} \[
The control sequence at the end of the top line
of your error message was never \def'ed. If you have
misspelled it (e.g., `\hobx'), type `I' and the correct
spelling (e.g., `I\hbox'). Otherwise just continue,
and I'll forget about whatever was undefined.

/Users/amer_/Documents/Obsidian Vault/School/Quantum 1/1.4 Matrix Representations and Hamiltonians.tex:129: Undefined control sequence.
l.129 \] O = \ket{a'} \bra{a'} O\ket
                                    {a} \bra{a} \[
The control sequence at the end of the top line
of your error message was never \def'ed. If you have
misspelled it (e.g., `\hobx'), type `I' and the correct
spelling (e.g., `I\hbox'). Otherwise just continue,
and I'll forget about whatever was undefined.

/Users/amer_/Documents/Obsidian Vault/School/Quantum 1/1.4 Matrix Representations and Hamiltonians.tex:129: Undefined control sequence.
l.129 \] O = \ket{a'} \bra{a'} O\ket{a} \bra
                                            {a} \[
The control sequence at the end of the top line
of your error message was never \def'ed. If you have
misspelled it (e.g., `\hobx'), type `I' and the correct
spelling (e.g., `I\hbox'). Otherwise just continue,
and I'll forget about whatever was undefined.

/Users/amer_/Documents/Obsidian Vault/School/Quantum 1/1.4 Matrix Representations and Hamiltonians.tex:130: Display math should end with $$.
<to be read again> 
                   z
l.130 Then you can recognize that in the $z
                                           _{\pm}$ basis it is
The `$' that I just saw supposedly matches a previous `$$'.
So I shall assume that you typed `$$' both times.

/Users/amer_/Documents/Obsidian Vault/School/Quantum 1/1.4 Matrix Representations and Hamiltonians.tex:130: Missing $ inserted.
<inserted text> 
                $
l.130 Then you can recognize that in the $z_
                                            {\pm}$ basis it is
I've inserted a begin-math/end-math symbol since I think
you left one out. Proceed, with fingers crossed.


/Users/amer_/Documents/Obsidian Vault/School/Quantum 1/1.4 Matrix Representations and Hamiltonians.tex:131: LaTeX Error: Bad math environment delimiter.

See the LaTeX manual or LaTeX Companion for explanation.
Type  H <return>  for immediate help.
 ...                                              
                                                  
l.131 \]
         O=\left( \ket{z_{+}}\bra{z_{+}}+\ket{z_{-}}\bra{z_{-}} \right)
Your command was ignored.
Type  I <command> <return>  to replace it with another command,
or  <return>  to continue without it.

/Users/amer_/Documents/Obsidian Vault/School/Quantum 1/1.4 Matrix Representations and Hamiltonians.tex:131: Missing $ inserted.
<inserted text> 
                $
l.131 \]
         O=\left( \ket{z_{+}}\bra{z_{+}}+\ket{z_{-}}\bra{z_{-}} \right)
I've inserted something that you may have forgotten.
(See the <inserted text> above.)
With luck, this will get me unwedged. But if you
really didn't forget anything, try typing `2' now; then
my insertion and my current dilemma will both disappear.

/Users/amer_/Documents/Obsidian Vault/School/Quantum 1/1.4 Matrix Representations and Hamiltonians.tex:131: Display math should end with $$.
<to be read again> 
                   \endgroup 
l.131 \]
         O=\left( \ket{z_{+}}\bra{z_{+}}+\ket{z_{-}}\bra{z_{-}} \right)
The `$' that I just saw supposedly matches a previous `$$'.
So I shall assume that you typed `$$' both times.

/Users/amer_/Documents/Obsidian Vault/School/Quantum 1/1.4 Matrix Representations and Hamiltonians.tex:131: Missing $ inserted.
<inserted text> 
                $
l.131 \] O=\left
                ( \ket{z_{+}}\bra{z_{+}}+\ket{z_{-}}\bra{z_{-}} \right)
I've inserted a begin-math/end-math symbol since I think
you left one out. Proceed, with fingers crossed.

/Users/amer_/Documents/Obsidian Vault/School/Quantum 1/1.4 Matrix Representations and Hamiltonians.tex:131: Undefined control sequence.
l.131 \] O=\left( \ket
                      {z_{+}}\bra{z_{+}}+\ket{z_{-}}\bra{z_{-}} \right)
The control sequence at the end of the top line
of your error message was never \def'ed. If you have
misspelled it (e.g., `\hobx'), type `I' and the correct
spelling (e.g., `I\hbox'). Otherwise just continue,
and I'll forget about whatever was undefined.

/Users/amer_/Documents/Obsidian Vault/School/Quantum 1/1.4 Matrix Representations and Hamiltonians.tex:131: Undefined control sequence.
l.131 \] O=\left( \ket{z_{+}}\bra
                                 {z_{+}}+\ket{z_{-}}\bra{z_{-}} \right)
The control sequence at the end of the top line
of your error message was never \def'ed. If you have
misspelled it (e.g., `\hobx'), type `I' and the correct
spelling (e.g., `I\hbox'). Otherwise just continue,
and I'll forget about whatever was undefined.

/Users/amer_/Documents/Obsidian Vault/School/Quantum 1/1.4 Matrix Representations and Hamiltonians.tex:131: Undefined control sequence.
l.131 \] O=\left( \ket{z_{+}}\bra{z_{+}}+\ket
                                             {z_{-}}\bra{z_{-}} \right)
The control sequence at the end of the top line
of your error message was never \def'ed. If you have
misspelled it (e.g., `\hobx'), type `I' and the correct
spelling (e.g., `I\hbox'). Otherwise just continue,
and I'll forget about whatever was undefined.

/Users/amer_/Documents/Obsidian Vault/School/Quantum 1/1.4 Matrix Representations and Hamiltonians.tex:131: Undefined control sequence.
l.131 ...t( \ket{z_{+}}\bra{z_{+}}+\ket{z_{-}}\bra
                                                  {z_{-}} \right)
The control sequence at the end of the top line
of your error message was never \def'ed. If you have
misspelled it (e.g., `\hobx'), type `I' and the correct
spelling (e.g., `I\hbox'). Otherwise just continue,
and I'll forget about whatever was undefined.

/Users/amer_/Documents/Obsidian Vault/School/Quantum 1/1.4 Matrix Representations and Hamiltonians.tex:132: Undefined control sequence.
l.132 O\left( \ket
                  {z_{+}}\bra{z_{+}}+\ket{z_{-}}\bra{z_{-}} \right) \[
The control sequence at the end of the top line
of your error message was never \def'ed. If you have
misspelled it (e.g., `\hobx'), type `I' and the correct
spelling (e.g., `I\hbox'). Otherwise just continue,
and I'll forget about whatever was undefined.

/Users/amer_/Documents/Obsidian Vault/School/Quantum 1/1.4 Matrix Representations and Hamiltonians.tex:132: Undefined control sequence.
l.132 O\left( \ket{z_{+}}\bra
                             {z_{+}}+\ket{z_{-}}\bra{z_{-}} \right) \[
The control sequence at the end of the top line
of your error message was never \def'ed. If you have
misspelled it (e.g., `\hobx'), type `I' and the correct
spelling (e.g., `I\hbox'). Otherwise just continue,
and I'll forget about whatever was undefined.

/Users/amer_/Documents/Obsidian Vault/School/Quantum 1/1.4 Matrix Representations and Hamiltonians.tex:132: Undefined control sequence.
l.132 O\left( \ket{z_{+}}\bra{z_{+}}+\ket
                                         {z_{-}}\bra{z_{-}} \right) \[
The control sequence at the end of the top line
of your error message was never \def'ed. If you have
misspelled it (e.g., `\hobx'), type `I' and the correct
spelling (e.g., `I\hbox'). Otherwise just continue,
and I'll forget about whatever was undefined.

/Users/amer_/Documents/Obsidian Vault/School/Quantum 1/1.4 Matrix Representations and Hamiltonians.tex:132: Undefined control sequence.
l.132 ...t( \ket{z_{+}}\bra{z_{+}}+\ket{z_{-}}\bra
                                                  {z_{-}} \right) \[
The control sequence at the end of the top line
of your error message was never \def'ed. If you have
misspelled it (e.g., `\hobx'), type `I' and the correct
spelling (e.g., `I\hbox'). Otherwise just continue,
and I'll forget about whatever was undefined.


/Users/amer_/Documents/Obsidian Vault/School/Quantum 1/1.4 Matrix Representations and Hamiltonians.tex:132: LaTeX Error: Bad math environment delimiter.

See the LaTeX manual or LaTeX Companion for explanation.
Type  H <return>  for immediate help.
 ...                                              
                                                  
l.132 ...{z_{+}}+\ket{z_{-}}\bra{z_{-}} \right) \[
                                                  
Your command was ignored.
Type  I <command> <return>  to replace it with another command,
or  <return>  to continue without it.

/Users/amer_/Documents/Obsidian Vault/School/Quantum 1/1.4 Matrix Representations and Hamiltonians.tex:134: Missing \endgroup inserted.
<inserted text> 
                \endgroup 
l.134 \]
         \ket{z_{+}}\bra{z_{+}}O\ket{z_{+}} \bra{z_{+}}
I've inserted something that you may have forgotten.
(See the <inserted text> above.)
With luck, this will get me unwedged. But if you
really didn't forget anything, try typing `2' now; then
my insertion and my current dilemma will both disappear.


/Users/amer_/Documents/Obsidian Vault/School/Quantum 1/1.4 Matrix Representations and Hamiltonians.tex:134: LaTeX Error: \begin{document} ended by \end{equation*}.

See the LaTeX manual or LaTeX Companion for explanation.
Type  H <return>  for immediate help.
 ...                                              
                                                  
l.134 \]
         \ket{z_{+}}\bra{z_{+}}O\ket{z_{+}} \bra{z_{+}}
Your command was ignored.
Type  I <command> <return>  to replace it with another command,
or  <return>  to continue without it.

/Users/amer_/Documents/Obsidian Vault/School/Quantum 1/1.4 Matrix Representations and Hamiltonians.tex:134: Missing $ inserted.
<inserted text> 
                $
l.134 \]
         \ket{z_{+}}\bra{z_{+}}O\ket{z_{+}} \bra{z_{+}}
I've inserted something that you may have forgotten.
(See the <inserted text> above.)
With luck, this will get me unwedged. But if you
really didn't forget anything, try typing `2' now; then
my insertion and my current dilemma will both disappear.

/Users/amer_/Documents/Obsidian Vault/School/Quantum 1/1.4 Matrix Representations and Hamiltonians.tex:134: Extra \endgroup.
<recently read> \endgroup 
                          
l.134 \]
         \ket{z_{+}}\bra{z_{+}}O\ket{z_{+}} \bra{z_{+}}
Things are pretty mixed up, but I think the worst is over.

/Users/amer_/Documents/Obsidian Vault/School/Quantum 1/1.4 Matrix Representations and Hamiltonians.tex:134: Undefined control sequence.
l.134 \] \ket
             {z_{+}}\bra{z_{+}}O\ket{z_{+}} \bra{z_{+}}
The control sequence at the end of the top line
of your error message was never \def'ed. If you have
misspelled it (e.g., `\hobx'), type `I' and the correct
spelling (e.g., `I\hbox'). Otherwise just continue,
and I'll forget about whatever was undefined.

/Users/amer_/Documents/Obsidian Vault/School/Quantum 1/1.4 Matrix Representations and Hamiltonians.tex:134: Missing $ inserted.
<inserted text> 
                $
l.134 \] \ket{z_
                {+}}\bra{z_{+}}O\ket{z_{+}} \bra{z_{+}}
I've inserted a begin-math/end-math symbol since I think
you left one out. Proceed, with fingers crossed.

/Users/amer_/Documents/Obsidian Vault/School/Quantum 1/1.4 Matrix Representations and Hamiltonians.tex:134: Extra }, or forgotten $.
l.134 \] \ket{z_{+}}
                    \bra{z_{+}}O\ket{z_{+}} \bra{z_{+}}
I've deleted a group-closing symbol because it seems to be
spurious, as in `$x}$'. But perhaps the } is legitimate and
you forgot something else, as in `\hbox{$x}'. In such cases
the way to recover is to insert both the forgotten and the
deleted material, e.g., by typing `I$}'.

/Users/amer_/Documents/Obsidian Vault/School/Quantum 1/1.4 Matrix Representations and Hamiltonians.tex:134: Undefined control sequence.
l.134 \] \ket{z_{+}}\bra
                        {z_{+}}O\ket{z_{+}} \bra{z_{+}}
The control sequence at the end of the top line
of your error message was never \def'ed. If you have
misspelled it (e.g., `\hobx'), type `I' and the correct
spelling (e.g., `I\hbox'). Otherwise just continue,
and I'll forget about whatever was undefined.

/Users/amer_/Documents/Obsidian Vault/School/Quantum 1/1.4 Matrix Representations and Hamiltonians.tex:134: Undefined control sequence.
l.134 \] \ket{z_{+}}\bra{z_{+}}O\ket
                                    {z_{+}} \bra{z_{+}}
The control sequence at the end of the top line
of your error message was never \def'ed. If you have
misspelled it (e.g., `\hobx'), type `I' and the correct
spelling (e.g., `I\hbox'). Otherwise just continue,
and I'll forget about whatever was undefined.

/Users/amer_/Documents/Obsidian Vault/School/Quantum 1/1.4 Matrix Representations and Hamiltonians.tex:134: Undefined control sequence.
l.134 \] \ket{z_{+}}\bra{z_{+}}O\ket{z_{+}} \bra
                                                {z_{+}}
The control sequence at the end of the top line
of your error message was never \def'ed. If you have
misspelled it (e.g., `\hobx'), type `I' and the correct
spelling (e.g., `I\hbox'). Otherwise just continue,
and I'll forget about whatever was undefined.

/Users/amer_/Documents/Obsidian Vault/School/Quantum 1/1.4 Matrix Representations and Hamiltonians.tex:135: Undefined control sequence.
l.135 +\ket
           {z_{+}}\bra{z_{+}}O\ket{z_{-}} \bra{z_{-}}
The control sequence at the end of the top line
of your error message was never \def'ed. If you have
misspelled it (e.g., `\hobx'), type `I' and the correct
spelling (e.g., `I\hbox'). Otherwise just continue,
and I'll forget about whatever was undefined.

/Users/amer_/Documents/Obsidian Vault/School/Quantum 1/1.4 Matrix Representations and Hamiltonians.tex:135: Undefined control sequence.
l.135 +\ket{z_{+}}\bra
                      {z_{+}}O\ket{z_{-}} \bra{z_{-}}
The control sequence at the end of the top line
of your error message was never \def'ed. If you have
misspelled it (e.g., `\hobx'), type `I' and the correct
spelling (e.g., `I\hbox'). Otherwise just continue,
and I'll forget about whatever was undefined.

/Users/amer_/Documents/Obsidian Vault/School/Quantum 1/1.4 Matrix Representations and Hamiltonians.tex:135: Undefined control sequence.
l.135 +\ket{z_{+}}\bra{z_{+}}O\ket
                                  {z_{-}} \bra{z_{-}}
The control sequence at the end of the top line
of your error message was never \def'ed. If you have
misspelled it (e.g., `\hobx'), type `I' and the correct
spelling (e.g., `I\hbox'). Otherwise just continue,
and I'll forget about whatever was undefined.

/Users/amer_/Documents/Obsidian Vault/School/Quantum 1/1.4 Matrix Representations and Hamiltonians.tex:135: Undefined control sequence.
l.135 +\ket{z_{+}}\bra{z_{+}}O\ket{z_{-}} \bra
                                              {z_{-}}
The control sequence at the end of the top line
of your error message was never \def'ed. If you have
misspelled it (e.g., `\hobx'), type `I' and the correct
spelling (e.g., `I\hbox'). Otherwise just continue,
and I'll forget about whatever was undefined.

/Users/amer_/Documents/Obsidian Vault/School/Quantum 1/1.4 Matrix Representations and Hamiltonians.tex:136: Undefined control sequence.
l.136 +\ket
           {z_{-}}\bra{z_{-}}O\ket{z_{+}} \bra{z_{+}}
The control sequence at the end of the top line
of your error message was never \def'ed. If you have
misspelled it (e.g., `\hobx'), type `I' and the correct
spelling (e.g., `I\hbox'). Otherwise just continue,
and I'll forget about whatever was undefined.

/Users/amer_/Documents/Obsidian Vault/School/Quantum 1/1.4 Matrix Representations and Hamiltonians.tex:136: Undefined control sequence.
l.136 +\ket{z_{-}}\bra
                      {z_{-}}O\ket{z_{+}} \bra{z_{+}}
The control sequence at the end of the top line
of your error message was never \def'ed. If you have
misspelled it (e.g., `\hobx'), type `I' and the correct
spelling (e.g., `I\hbox'). Otherwise just continue,
and I'll forget about whatever was undefined.

/Users/amer_/Documents/Obsidian Vault/School/Quantum 1/1.4 Matrix Representations and Hamiltonians.tex:136: Undefined control sequence.
l.136 +\ket{z_{-}}\bra{z_{-}}O\ket
                                  {z_{+}} \bra{z_{+}}
The control sequence at the end of the top line
of your error message was never \def'ed. If you have
misspelled it (e.g., `\hobx'), type `I' and the correct
spelling (e.g., `I\hbox'). Otherwise just continue,
and I'll forget about whatever was undefined.

/Users/amer_/Documents/Obsidian Vault/School/Quantum 1/1.4 Matrix Representations and Hamiltonians.tex:136: Undefined control sequence.
l.136 +\ket{z_{-}}\bra{z_{-}}O\ket{z_{+}} \bra
                                              {z_{+}}
The control sequence at the end of the top line
of your error message was never \def'ed. If you have
misspelled it (e.g., `\hobx'), type `I' and the correct
spelling (e.g., `I\hbox'). Otherwise just continue,
and I'll forget about whatever was undefined.

/Users/amer_/Documents/Obsidian Vault/School/Quantum 1/1.4 Matrix Representations and Hamiltonians.tex:137: Undefined control sequence.
l.137 +\ket
           {z_{-}}\bra{z_{-}}O\ket{z_{-}} \bra{z_{-}} \$\$ There are then 4
The control sequence at the end of the top line
of your error message was never \def'ed. If you have
misspelled it (e.g., `\hobx'), type `I' and the correct
spelling (e.g., `I\hbox'). Otherwise just continue,
and I'll forget about whatever was undefined.

/Users/amer_/Documents/Obsidian Vault/School/Quantum 1/1.4 Matrix Representations and Hamiltonians.tex:137: Undefined control sequence.
l.137 +\ket{z_{-}}\bra
                      {z_{-}}O\ket{z_{-}} \bra{z_{-}} \$\$ There are then 4
The control sequence at the end of the top line
of your error message was never \def'ed. If you have
misspelled it (e.g., `\hobx'), type `I' and the correct
spelling (e.g., `I\hbox'). Otherwise just continue,
and I'll forget about whatever was undefined.

/Users/amer_/Documents/Obsidian Vault/School/Quantum 1/1.4 Matrix Representations and Hamiltonians.tex:137: Undefined control sequence.
l.137 +\ket{z_{-}}\bra{z_{-}}O\ket
                                  {z_{-}} \bra{z_{-}} \$\$ There are then 4
The control sequence at the end of the top line
of your error message was never \def'ed. If you have
misspelled it (e.g., `\hobx'), type `I' and the correct
spelling (e.g., `I\hbox'). Otherwise just continue,
and I'll forget about whatever was undefined.

/Users/amer_/Documents/Obsidian Vault/School/Quantum 1/1.4 Matrix Representations and Hamiltonians.tex:137: Undefined control sequence.
l.137 +\ket{z_{-}}\bra{z_{-}}O\ket{z_{-}} \bra
                                              {z_{-}} \$\$ There are then 4
The control sequence at the end of the top line
of your error message was never \def'ed. If you have
misspelled it (e.g., `\hobx'), type `I' and the correct
spelling (e.g., `I\hbox'). Otherwise just continue,
and I'll forget about whatever was undefined.

/Users/amer_/Documents/Obsidian Vault/School/Quantum 1/1.4 Matrix Representations and Hamiltonians.tex:140: Missing $ inserted.
<inserted text> 
                $
l.140 
      
I've inserted a begin-math/end-math symbol since I think
you left one out. Proceed, with fingers crossed.


Overfull \hbox (14.59352pt too wide) in paragraph at lines 131--140
[][]\OML/lmm/m/it/10 O[][]\OT1/lmr/m/n/10 (-20) $$\OML/lmm/m/it/10 Therearethen\OT1/lmr/m/n/10 (-20) 4\OML/lmm/m/it/10 complexnumbersyoucanpulloutfromtheset; whichwillhelpyoudefinetheoperator$ 
 []


Package longtable Warning: Column widths have changed
(longtable)                in table 2 on input line 151.

[1{/usr/local/texlive/2023/texmf-var/fonts/map/pdftex/updmap/pdftex.map}{/usr/local/texlive/2023/texmf-dist/fonts/enc/dvips/lm/lm-ec.enc}

{/usr/local/texlive/2023/texmf-dist/fonts/enc/dvips/lm/lm-mathit.enc}{/usr/local/texlive/2023/texmf-dist/fonts/enc/dvips/lm/lm-rm.enc}{/usr/local/texlive/2023/texmf-dist/fonts/enc/dvips/lm/lm-mathsy.enc}{/usr/local/texlive/2023/texmf-dist/fonts/enc/dvips/lm/lm-mathex.enc}]
/Users/amer_/Documents/Obsidian Vault/School/Quantum 1/1.4 Matrix Representations and Hamiltonians.tex:184: Undefined control sequence.
l.184 \ket
          {z_{+}}\bra{z_{+}}S_{x}\ket{z_{+}} \bra{z_{+}} +\ket{z_{+}}\bra{z_...
The control sequence at the end of the top line
of your error message was never \def'ed. If you have
misspelled it (e.g., `\hobx'), type `I' and the correct
spelling (e.g., `I\hbox'). Otherwise just continue,
and I'll forget about whatever was undefined.

/Users/amer_/Documents/Obsidian Vault/School/Quantum 1/1.4 Matrix Representations and Hamiltonians.tex:184: Undefined control sequence.
l.184 \ket{z_{+}}\bra
                     {z_{+}}S_{x}\ket{z_{+}} \bra{z_{+}} +\ket{z_{+}}\bra{z_...
The control sequence at the end of the top line
of your error message was never \def'ed. If you have
misspelled it (e.g., `\hobx'), type `I' and the correct
spelling (e.g., `I\hbox'). Otherwise just continue,
and I'll forget about whatever was undefined.

/Users/amer_/Documents/Obsidian Vault/School/Quantum 1/1.4 Matrix Representations and Hamiltonians.tex:184: Undefined control sequence.
l.184 \ket{z_{+}}\bra{z_{+}}S_{x}\ket
                                     {z_{+}} \bra{z_{+}} +\ket{z_{+}}\bra{z_...
The control sequence at the end of the top line
of your error message was never \def'ed. If you have
misspelled it (e.g., `\hobx'), type `I' and the correct
spelling (e.g., `I\hbox'). Otherwise just continue,
and I'll forget about whatever was undefined.

/Users/amer_/Documents/Obsidian Vault/School/Quantum 1/1.4 Matrix Representations and Hamiltonians.tex:184: Undefined control sequence.
l.184 \ket{z_{+}}\bra{z_{+}}S_{x}\ket{z_{+}} \bra
                                                 {z_{+}} +\ket{z_{+}}\bra{z_...
The control sequence at the end of the top line
of your error message was never \def'ed. If you have
misspelled it (e.g., `\hobx'), type `I' and the correct
spelling (e.g., `I\hbox'). Otherwise just continue,
and I'll forget about whatever was undefined.

/Users/amer_/Documents/Obsidian Vault/School/Quantum 1/1.4 Matrix Representations and Hamiltonians.tex:184: Undefined control sequence.
l.184 ...{z_{+}}S_{x}\ket{z_{+}} \bra{z_{+}} +\ket
                                                  {z_{+}}\bra{z_{+}}S_{x}\ke...
The control sequence at the end of the top line
of your error message was never \def'ed. If you have
misspelled it (e.g., `\hobx'), type `I' and the correct
spelling (e.g., `I\hbox'). Otherwise just continue,
and I'll forget about whatever was undefined.

/Users/amer_/Documents/Obsidian Vault/School/Quantum 1/1.4 Matrix Representations and Hamiltonians.tex:184: Undefined control sequence.
l.184 ...}\ket{z_{+}} \bra{z_{+}} +\ket{z_{+}}\bra
                                                  {z_{+}}S_{x}\ket{z_{-}} \b...
The control sequence at the end of the top line
of your error message was never \def'ed. If you have
misspelled it (e.g., `\hobx'), type `I' and the correct
spelling (e.g., `I\hbox'). Otherwise just continue,
and I'll forget about whatever was undefined.

/Users/amer_/Documents/Obsidian Vault/School/Quantum 1/1.4 Matrix Representations and Hamiltonians.tex:184: Undefined control sequence.
l.184 ...a{z_{+}} +\ket{z_{+}}\bra{z_{+}}S_{x}\ket
                                                  {z_{-}} \bra{z_{-}} +\ket{...
The control sequence at the end of the top line
of your error message was never \def'ed. If you have
misspelled it (e.g., `\hobx'), type `I' and the correct
spelling (e.g., `I\hbox'). Otherwise just continue,
and I'll forget about whatever was undefined.

/Users/amer_/Documents/Obsidian Vault/School/Quantum 1/1.4 Matrix Representations and Hamiltonians.tex:184: Undefined control sequence.
l.184 ...et{z_{+}}\bra{z_{+}}S_{x}\ket{z_{-}} \bra
                                                  {z_{-}} +\ket{z_{-}}\bra{z...
The control sequence at the end of the top line
of your error message was never \def'ed. If you have
misspelled it (e.g., `\hobx'), type `I' and the correct
spelling (e.g., `I\hbox'). Otherwise just continue,
and I'll forget about whatever was undefined.

/Users/amer_/Documents/Obsidian Vault/School/Quantum 1/1.4 Matrix Representations and Hamiltonians.tex:184: Undefined control sequence.
l.184 ...{z_{+}}S_{x}\ket{z_{-}} \bra{z_{-}} +\ket
                                                  {z_{-}}\bra{z_{-}}S_{x}\ke...
The control sequence at the end of the top line
of your error message was never \def'ed. If you have
misspelled it (e.g., `\hobx'), type `I' and the correct
spelling (e.g., `I\hbox'). Otherwise just continue,
and I'll forget about whatever was undefined.

/Users/amer_/Documents/Obsidian Vault/School/Quantum 1/1.4 Matrix Representations and Hamiltonians.tex:184: Undefined control sequence.
l.184 ...}\ket{z_{-}} \bra{z_{-}} +\ket{z_{-}}\bra
                                                  {z_{-}}S_{x}\ket{z_{+}} \b...
The control sequence at the end of the top line
of your error message was never \def'ed. If you have
misspelled it (e.g., `\hobx'), type `I' and the correct
spelling (e.g., `I\hbox'). Otherwise just continue,
and I'll forget about whatever was undefined.

/Users/amer_/Documents/Obsidian Vault/School/Quantum 1/1.4 Matrix Representations and Hamiltonians.tex:184: Undefined control sequence.
l.184 ...a{z_{-}} +\ket{z_{-}}\bra{z_{-}}S_{x}\ket
                                                  {z_{+}} \bra{z_{+}} +\ket{...
The control sequence at the end of the top line
of your error message was never \def'ed. If you have
misspelled it (e.g., `\hobx'), type `I' and the correct
spelling (e.g., `I\hbox'). Otherwise just continue,
and I'll forget about whatever was undefined.

/Users/amer_/Documents/Obsidian Vault/School/Quantum 1/1.4 Matrix Representations and Hamiltonians.tex:184: Undefined control sequence.
l.184 ...et{z_{-}}\bra{z_{-}}S_{x}\ket{z_{+}} \bra
                                                  {z_{+}} +\ket{z_{-}}\bra{z...
The control sequence at the end of the top line
of your error message was never \def'ed. If you have
misspelled it (e.g., `\hobx'), type `I' and the correct
spelling (e.g., `I\hbox'). Otherwise just continue,
and I'll forget about whatever was undefined.

/Users/amer_/Documents/Obsidian Vault/School/Quantum 1/1.4 Matrix Representations and Hamiltonians.tex:184: Undefined control sequence.
l.184 ...{z_{-}}S_{x}\ket{z_{+}} \bra{z_{+}} +\ket
                                                  {z_{-}}\bra{z_{-}}S_{x}\ke...
The control sequence at the end of the top line
of your error message was never \def'ed. If you have
misspelled it (e.g., `\hobx'), type `I' and the correct
spelling (e.g., `I\hbox'). Otherwise just continue,
and I'll forget about whatever was undefined.

/Users/amer_/Documents/Obsidian Vault/School/Quantum 1/1.4 Matrix Representations and Hamiltonians.tex:184: Undefined control sequence.
l.184 ...}\ket{z_{+}} \bra{z_{+}} +\ket{z_{-}}\bra
                                                  {z_{-}}S_{x}\ket{z_{-}} \b...
The control sequence at the end of the top line
of your error message was never \def'ed. If you have
misspelled it (e.g., `\hobx'), type `I' and the correct
spelling (e.g., `I\hbox'). Otherwise just continue,
and I'll forget about whatever was undefined.

/Users/amer_/Documents/Obsidian Vault/School/Quantum 1/1.4 Matrix Representations and Hamiltonians.tex:184: Undefined control sequence.
l.184 ...a{z_{+}} +\ket{z_{-}}\bra{z_{-}}S_{x}\ket
                                                  {z_{-}} \bra{z_{-}}
The control sequence at the end of the top line
of your error message was never \def'ed. If you have
misspelled it (e.g., `\hobx'), type `I' and the correct
spelling (e.g., `I\hbox'). Otherwise just continue,
and I'll forget about whatever was undefined.

/Users/amer_/Documents/Obsidian Vault/School/Quantum 1/1.4 Matrix Representations and Hamiltonians.tex:184: Undefined control sequence.
l.184 ...et{z_{-}}\bra{z_{-}}S_{x}\ket{z_{-}} \bra
                                                  {z_{-}}
The control sequence at the end of the top line
of your error message was never \def'ed. If you have
misspelled it (e.g., `\hobx'), type `I' and the correct
spelling (e.g., `I\hbox'). Otherwise just continue,
and I'll forget about whatever was undefined.


/Users/amer_/Documents/Obsidian Vault/School/Quantum 1/1.4 Matrix Representations and Hamiltonians.tex:222: Package amsmath Error: Erroneous nesting of equation structures;
(amsmath)                trying to recover with `aligned'.

See the amsmath package documentation for explanation.
Type  H <return>  for immediate help.
 ...                                              
                                                  
l.222 \end{align}
                 
Try typing  <return>  to proceed.
If that doesn't work, type  X <return>  to quit.

/Users/amer_/Documents/Obsidian Vault/School/Quantum 1/1.4 Matrix Representations and Hamiltonians.tex:247: Undefined control sequence.
l.247 ...what is the probability that given \(\ket
                                                  {z_{+}}\),
The control sequence at the end of the top line
of your error message was never \def'ed. If you have
misspelled it (e.g., `\hobx'), type `I' and the correct
spelling (e.g., `I\hbox'). Otherwise just continue,
and I'll forget about whatever was undefined.

/Users/amer_/Documents/Obsidian Vault/School/Quantum 1/1.4 Matrix Representations and Hamiltonians.tex:248: Undefined control sequence.
l.248 we get \(\ket
                   {x_{+}}\) This is the same as writing the below
The control sequence at the end of the top line
of your error message was never \def'ed. If you have
misspelled it (e.g., `\hobx'), type `I' and the correct
spelling (e.g., `I\hbox'). Otherwise just continue,
and I'll forget about whatever was undefined.

[2]

/Users/amer_/Documents/Obsidian Vault/School/Quantum 1/1.4 Matrix Representations and Hamiltonians.tex:276: Package amsmath Error: Erroneous nesting of equation structures;
(amsmath)                trying to recover with `aligned'.

See the amsmath package documentation for explanation.
Type  H <return>  for immediate help.
 ...                                              
                                                  
l.276 \end{align}
                 
Try typing  <return>  to proceed.
If that doesn't work, type  X <return>  to quit.

/Users/amer_/Documents/Obsidian Vault/School/Quantum 1/1.4 Matrix Representations and Hamiltonians.tex:280: Undefined control sequence.
l.280 \(\ket
            {a}\) as an eigenvector, with the same eigenvalue as \(a\). There
The control sequence at the end of the top line
of your error message was never \def'ed. If you have
misspelled it (e.g., `\hobx'), type `I' and the correct
spelling (e.g., `I\hbox'). Otherwise just continue,
and I'll forget about whatever was undefined.


/Users/amer_/Documents/Obsidian Vault/School/Quantum 1/1.4 Matrix Representations and Hamiltonians.tex:293: Package amsmath Error: Erroneous nesting of equation structures;
(amsmath)                trying to recover with `aligned'.

See the amsmath package documentation for explanation.
Type  H <return>  for immediate help.
 ...                                              
                                                  
l.293 \end{align}
                 
Try typing  <return>  to proceed.
If that doesn't work, type  X <return>  to quit.

/Users/amer_/Documents/Obsidian Vault/School/Quantum 1/1.4 Matrix Representations and Hamiltonians.tex:293: Undefined control sequence.
<argument>  \left [ A,B \right ]\ket 
                                     {a} = 0 \\ AB\ket {a} =BA\ket {a} = aB\...
l.293 \end{align}
                 
The control sequence at the end of the top line
of your error message was never \def'ed. If you have
misspelled it (e.g., `\hobx'), type `I' and the correct
spelling (e.g., `I\hbox'). Otherwise just continue,
and I'll forget about whatever was undefined.

/Users/amer_/Documents/Obsidian Vault/School/Quantum 1/1.4 Matrix Representations and Hamiltonians.tex:293: Undefined control sequence.
<argument> ... A,B \right ]\ket {a} = 0 \\ AB\ket 
                                                  {a} =BA\ket {a} = aB\ket {a} 
l.293 \end{align}
                 
The control sequence at the end of the top line
of your error message was never \def'ed. If you have
misspelled it (e.g., `\hobx'), type `I' and the correct
spelling (e.g., `I\hbox'). Otherwise just continue,
and I'll forget about whatever was undefined.

/Users/amer_/Documents/Obsidian Vault/School/Quantum 1/1.4 Matrix Representations and Hamiltonians.tex:293: Undefined control sequence.
<argument> ...]\ket {a} = 0 \\ AB\ket {a} =BA\ket 
                                                  {a} = aB\ket {a} 
l.293 \end{align}
                 
The control sequence at the end of the top line
of your error message was never \def'ed. If you have
misspelled it (e.g., `\hobx'), type `I' and the correct
spelling (e.g., `I\hbox'). Otherwise just continue,
and I'll forget about whatever was undefined.

/Users/amer_/Documents/Obsidian Vault/School/Quantum 1/1.4 Matrix Representations and Hamiltonians.tex:293: Undefined control sequence.
<argument> ... \\ AB\ket {a} =BA\ket {a} = aB\ket 
                                                  {a} 
l.293 \end{align}
                 
The control sequence at the end of the top line
of your error message was never \def'ed. If you have
misspelled it (e.g., `\hobx'), type `I' and the correct
spelling (e.g., `I\hbox'). Otherwise just continue,
and I'll forget about whatever was undefined.


/Users/amer_/Documents/Obsidian Vault/School/Quantum 1/1.4 Matrix Representations and Hamiltonians.tex:298: Package amsmath Error: Erroneous nesting of equation structures;
(amsmath)                trying to recover with `aligned'.

See the amsmath package documentation for explanation.
Type  H <return>  for immediate help.
 ...                                              
                                                  
l.298 \end{align}
                 
Try typing  <return>  to proceed.
If that doesn't work, type  X <return>  to quit.

/Users/amer_/Documents/Obsidian Vault/School/Quantum 1/1.4 Matrix Representations and Hamiltonians.tex:298: Undefined control sequence.
<argument>  B\ket 
                  {a} = b\ket {a} \\ \ket {a'} B\bra {a} = b\left <a'|a\righ...
l.298 \end{align}
                 
The control sequence at the end of the top line
of your error message was never \def'ed. If you have
misspelled it (e.g., `\hobx'), type `I' and the correct
spelling (e.g., `I\hbox'). Otherwise just continue,
and I'll forget about whatever was undefined.

/Users/amer_/Documents/Obsidian Vault/School/Quantum 1/1.4 Matrix Representations and Hamiltonians.tex:298: Undefined control sequence.
<argument>  B\ket {a} = b\ket 
                              {a} \\ \ket {a'} B\bra {a} = b\left <a'|a\righ...
l.298 \end{align}
                 
The control sequence at the end of the top line
of your error message was never \def'ed. If you have
misspelled it (e.g., `\hobx'), type `I' and the correct
spelling (e.g., `I\hbox'). Otherwise just continue,
and I'll forget about whatever was undefined.

/Users/amer_/Documents/Obsidian Vault/School/Quantum 1/1.4 Matrix Representations and Hamiltonians.tex:298: Undefined control sequence.
<argument>  B\ket {a} = b\ket {a} \\ \ket 
                                          {a'} B\bra {a} = b\left <a'|a\righ...
l.298 \end{align}
                 
The control sequence at the end of the top line
of your error message was never \def'ed. If you have
misspelled it (e.g., `\hobx'), type `I' and the correct
spelling (e.g., `I\hbox'). Otherwise just continue,
and I'll forget about whatever was undefined.

/Users/amer_/Documents/Obsidian Vault/School/Quantum 1/1.4 Matrix Representations and Hamiltonians.tex:298: Undefined control sequence.
<argument> ... {a} = b\ket {a} \\ \ket {a'} B\bra 
                                                  {a} = b\left <a'|a\right >...
l.298 \end{align}
                 
The control sequence at the end of the top line
of your error message was never \def'ed. If you have
misspelled it (e.g., `\hobx'), type `I' and the correct
spelling (e.g., `I\hbox'). Otherwise just continue,
and I'll forget about whatever was undefined.


/Users/amer_/Documents/Obsidian Vault/School/Quantum 1/1.4 Matrix Representations and Hamiltonians.tex:310: Package amsmath Error: Erroneous nesting of equation structures;
(amsmath)                trying to recover with `aligned'.

See the amsmath package documentation for explanation.
Type  H <return>  for immediate help.
 ...                                              
                                                  
l.310 \end{align}
                 
Try typing  <return>  to proceed.
If that doesn't work, type  X <return>  to quit.


/Users/amer_/Documents/Obsidian Vault/School/Quantum 1/1.4 Matrix Representations and Hamiltonians.tex:323: Package amsmath Error: Erroneous nesting of equation structures;
(amsmath)                trying to recover with `aligned'.

See the amsmath package documentation for explanation.
Type  H <return>  for immediate help.
 ...                                              
                                                  
l.323 \end{align}
                 
Try typing  <return>  to proceed.
If that doesn't work, type  X <return>  to quit.

LaTeX Font Info:    Trying to load font information for T1+lmtt on input line 333.
(/usr/local/texlive/2023/texmf-dist/tex/latex/lm/t1lmtt.fd
File: t1lmtt.fd 2015/05/01 v1.6.1 Font defs for Latin Modern
) [3]

/Users/amer_/Documents/Obsidian Vault/School/Quantum 1/1.4 Matrix Representations and Hamiltonians.tex:342: Package amsmath Error: Erroneous nesting of equation structures;
(amsmath)                trying to recover with `aligned'.

See the amsmath package documentation for explanation.
Type  H <return>  for immediate help.
 ...                                              
                                                  
l.342 \end{align}
                 
Try typing  <return>  to proceed.
If that doesn't work, type  X <return>  to quit.

/Users/amer_/Documents/Obsidian Vault/School/Quantum 1/1.4 Matrix Representations and Hamiltonians.tex:342: Undefined control sequence.
<argument>  \ket 
                 {\gamma } = \ket {\alpha } -\lambda \ket {\beta } \\ \left ...
l.342 \end{align}
                 
The control sequence at the end of the top line
of your error message was never \def'ed. If you have
misspelled it (e.g., `\hobx'), type `I' and the correct
spelling (e.g., `I\hbox'). Otherwise just continue,
and I'll forget about whatever was undefined.

/Users/amer_/Documents/Obsidian Vault/School/Quantum 1/1.4 Matrix Representations and Hamiltonians.tex:342: Undefined control sequence.
<argument>  \ket {\gamma } = \ket 
                                  {\alpha } -\lambda \ket {\beta } \\ \left ...
l.342 \end{align}
                 
The control sequence at the end of the top line
of your error message was never \def'ed. If you have
misspelled it (e.g., `\hobx'), type `I' and the correct
spelling (e.g., `I\hbox'). Otherwise just continue,
and I'll forget about whatever was undefined.

/Users/amer_/Documents/Obsidian Vault/School/Quantum 1/1.4 Matrix Representations and Hamiltonians.tex:342: Undefined control sequence.
<argument> ...ma } = \ket {\alpha } -\lambda \ket 
                                                  {\beta } \\ \left <\gamma ...
l.342 \end{align}
                 
The control sequence at the end of the top line
of your error message was never \def'ed. If you have
misspelled it (e.g., `\hobx'), type `I' and the correct
spelling (e.g., `I\hbox'). Otherwise just continue,
and I'll forget about whatever was undefined.

/Users/amer_/Documents/Obsidian Vault/School/Quantum 1/1.4 Matrix Representations and Hamiltonians.tex:342: Undefined control sequence.
<argument> ...mma \right > \geq 0 \\ \left ( \bra 
                                                  {\alpha } -\bra {\beta } \...
l.342 \end{align}
                 
The control sequence at the end of the top line
of your error message was never \def'ed. If you have
misspelled it (e.g., `\hobx'), type `I' and the correct
spelling (e.g., `I\hbox'). Otherwise just continue,
and I'll forget about whatever was undefined.

/Users/amer_/Documents/Obsidian Vault/School/Quantum 1/1.4 Matrix Representations and Hamiltonians.tex:342: Undefined control sequence.
<argument> ...q 0 \\ \left ( \bra {\alpha } -\bra 
                                                  {\beta } \lambda ^{*} \rig...
l.342 \end{align}
                 
The control sequence at the end of the top line
of your error message was never \def'ed. If you have
misspelled it (e.g., `\hobx'), type `I' and the correct
spelling (e.g., `I\hbox'). Otherwise just continue,
and I'll forget about whatever was undefined.

/Users/amer_/Documents/Obsidian Vault/School/Quantum 1/1.4 Matrix Representations and Hamiltonians.tex:342: Undefined control sequence.
<argument> ... \lambda ^{*} \right ) \left ( \ket 
                                                  {\alpha } -\ket {\beta } \...
l.342 \end{align}
                 
The control sequence at the end of the top line
of your error message was never \def'ed. If you have
misspelled it (e.g., `\hobx'), type `I' and the correct
spelling (e.g., `I\hbox'). Otherwise just continue,
and I'll forget about whatever was undefined.

/Users/amer_/Documents/Obsidian Vault/School/Quantum 1/1.4 Matrix Representations and Hamiltonians.tex:342: Undefined control sequence.
<argument> ...ight ) \left ( \ket {\alpha } -\ket 
                                                  {\beta } \lambda \right )\...
l.342 \end{align}
                 
The control sequence at the end of the top line
of your error message was never \def'ed. If you have
misspelled it (e.g., `\hobx'), type `I' and the correct
spelling (e.g., `I\hbox'). Otherwise just continue,
and I'll forget about whatever was undefined.


/Users/amer_/Documents/Obsidian Vault/School/Quantum 1/1.4 Matrix Representations and Hamiltonians.tex:347: Package amsmath Error: Erroneous nesting of equation structures;
(amsmath)                trying to recover with `aligned'.

See the amsmath package documentation for explanation.
Type  H <return>  for immediate help.
 ...                                              
                                                  
l.347 \end{align}
                 
Try typing  <return>  to proceed.
If that doesn't work, type  X <return>  to quit.


/Users/amer_/Documents/Obsidian Vault/School/Quantum 1/1.4 Matrix Representations and Hamiltonians.tex:356: Package amsmath Error: Erroneous nesting of equation structures;
(amsmath)                trying to recover with `aligned'.

See the amsmath package documentation for explanation.
Type  H <return>  for immediate help.
 ...                                              
                                                  
l.356 \end{align}
                 
Try typing  <return>  to proceed.
If that doesn't work, type  X <return>  to quit.


Package longtable Warning: Table widths have changed. Rerun LaTeX.

[4] (./1.4 Matrix Representations and Hamiltonians.aux)
 ***********
LaTeX2e <2023-11-01>
L3 programming layer <2023-11-09>
 ***********


LaTeX Warning: Label(s) may have changed. Rerun to get cross-references right.

 )
(\end occurred inside a group at level 1)

### simple group (level 1) entered at line 134 ({)
### bottom level 
Here is how much of TeX's memory you used:
 13510 strings out of 474273
 211716 string characters out of 5747719
 1943555 words of memory out of 5000000
 35439 multiletter control sequences out of 15000+600000
 597217 words of font info for 92 fonts, out of 8000000 for 9000
 1141 hyphenation exceptions out of 8191
 77i,12n,81p,1097b,581s stack positions out of 10000i,1000n,20000p,200000b,200000s
</usr/local/texlive/2023/texmf-dist/fonts/type1/public/lm/lmbx10.pfb></usr/local/texlive/2023/texmf-dist/fonts/type1/public/lm/lmbx12.pfb></usr/local/texlive/2023/texmf-dist/fonts/type1/public/lm/lmex10.pfb></usr/local/texlive/2023/texmf-dist/fonts/type1/public/lm/lmmi10.pfb></usr/local/texlive/2023/texmf-dist/fonts/type1/public/lm/lmmi7.pfb></usr/local/texlive/2023/texmf-dist/fonts/type1/public/lm/lmr10.pfb></usr/local/texlive/2023/texmf-dist/fonts/type1/public/lm/lmr7.pfb></usr/local/texlive/2023/texmf-dist/fonts/type1/public/lm/lmsy10.pfb></usr/local/texlive/2023/texmf-dist/fonts/type1/public/lm/lmsy5.pfb></usr/local/texlive/2023/texmf-dist/fonts/type1/public/lm/lmsy7.pfb></usr/local/texlive/2023/texmf-dist/fonts/type1/public/lm/lmtt10.pfb></usr/local/texlive/2023/texmf-dist/fonts/type1/public/amsfonts/symbols/msam10.pfb></usr/local/texlive/2023/texmf-dist/fonts/type1/public/amsfonts/symbols/msbm10.pfb></usr/local/texlive/2023/texmf-dist/fonts/type1/public/amsfonts/symbols/msbm7.pfb>
Output written on "1.4 Matrix Representations and Hamiltonians.pdf" (4 pages, 197868 bytes).
PDF statistics:
 139 PDF objects out of 1000 (max. 8388607)
 102 compressed objects within 2 object streams
 20 named destinations out of 1000 (max. 500000)
 22569 words of extra memory for PDF output out of 24883 (max. 10000000)

